This is pdfTeX, Version 3.14159265-2.6-1.40.19 (MiKTeX 2.9.6930 64-bit) (preloaded format=pdflatex 2019.3.16)  3 MAY 2019 13:31
entering extended mode
**./castone_project_report.tex
(castone_project_report.tex
LaTeX2e <2018-12-01>

("C:\Users\ann-kristin.juschka\AppData\Local\Programs\MiKTeX 2.9\tex/latex/koma
-script\scrartcl.cls"
Document Class: scrartcl 2019/02/01 v3.26b KOMA-Script document class (article)


("C:\Users\ann-kristin.juschka\AppData\Local\Programs\MiKTeX 2.9\tex/latex/koma
-script\scrkbase.sty"
Package: scrkbase 2019/02/01 v3.26b KOMA-Script package (KOMA-Script-dependent 
basics and keyval usage)

("C:\Users\ann-kristin.juschka\AppData\Local\Programs\MiKTeX 2.9\tex/latex/koma
-script\scrbase.sty"
Package: scrbase 2019/02/01 v3.26b KOMA-Script package (KOMA-Script-independent
 basics and keyval usage)

("C:\Users\ann-kristin.juschka\AppData\Local\Programs\MiKTeX 2.9\tex/latex/grap
hics\keyval.sty"
Package: keyval 2014/10/28 v1.15 key=value parser (DPC)
\KV@toks@=\toks14
)
("C:\Users\ann-kristin.juschka\AppData\Local\Programs\MiKTeX 2.9\tex/latex/koma
-script\scrlfile.sty"
Package: scrlfile 2019/02/01 v3.26b KOMA-Script package (loading files)
)))
("C:\Users\ann-kristin.juschka\AppData\Local\Programs\MiKTeX 2.9\tex/latex/koma
-script\tocbasic.sty"
Package: tocbasic 2019/02/01 v3.26b KOMA-Script package (handling toc-files)
\scr@dte@tocline@numberwidth=\skip41
\scr@dte@tocline@numbox=\box27
)
Package tocbasic Info: omitting babel extension for `toc'
(tocbasic)             because of feature `nobabel' available
(tocbasic)             for `toc' on input line 134.
Class scrartcl Info: File `scrsize11pt.clo' used instead of
(scrartcl)           file `scrsize11.clo' to setup font sizes on input line 216
2.

("C:\Users\ann-kristin.juschka\AppData\Local\Programs\MiKTeX 2.9\tex/latex/koma
-script\scrsize11pt.clo"
File: scrsize11pt.clo 2019/02/01 v3.26b KOMA-Script font size class option (11p
t)
)
("C:\Users\ann-kristin.juschka\AppData\Local\Programs\MiKTeX 2.9\tex/latex/koma
-script\typearea.sty"
Package: typearea 2019/02/01 v3.26b KOMA-Script package (type area)
\ta@bcor=\skip42
\ta@div=\count80
\ta@hblk=\skip43
\ta@vblk=\skip44
\ta@temp=\skip45
\footheight=\skip46
Package typearea Info: These are the values describing the layout:
(typearea)             DIV  = 10
(typearea)             BCOR = 0.0pt
(typearea)             \paperwidth      = 597.50793pt
(typearea)              \textwidth      = 418.25555pt
(typearea)              DIV departure   = -6%
(typearea)              \evensidemargin = 17.3562pt
(typearea)              \oddsidemargin  = 17.3562pt
(typearea)             \paperheight     = 845.04694pt
(typearea)              \textheight     = 595.80026pt
(typearea)              \topmargin      = -25.16531pt
(typearea)              \headheight     = 17.0pt
(typearea)              \headsep        = 20.40001pt
(typearea)              \topskip        = 11.0pt
(typearea)              \footskip       = 47.6pt
(typearea)              \baselineskip   = 13.6pt
(typearea)              on input line 1715.
)
\c@part=\count81
\c@section=\count82
\c@subsection=\count83
\c@subsubsection=\count84
\c@paragraph=\count85
\c@subparagraph=\count86
\scr@dte@section@maxnumwidth=\skip47
Class scrartcl Info: using compatibility default `runin=bysign'
(scrartcl)           for `\section on input line 4489.
Class scrartcl Info: using compatibility default `afterindent=bysign'
(scrartcl)           for `\section on input line 4489.
\scr@dte@part@maxnumwidth=\skip48
Class scrartcl Info: using compatibility default `afterindent=false'
(scrartcl)           for `\part on input line 4497.
\scr@dte@subsection@maxnumwidth=\skip49
Class scrartcl Info: using compatibility default `runin=bysign'
(scrartcl)           for `\subsection on input line 4507.
Class scrartcl Info: using compatibility default `afterindent=bysign'
(scrartcl)           for `\subsection on input line 4507.
\scr@dte@subsubsection@maxnumwidth=\skip50
Class scrartcl Info: using compatibility default `runin=bysign'
(scrartcl)           for `\subsubsection on input line 4517.
Class scrartcl Info: using compatibility default `afterindent=bysign'
(scrartcl)           for `\subsubsection on input line 4517.
\scr@dte@paragraph@maxnumwidth=\skip51
Class scrartcl Info: using compatibility default `runin=bysign'
(scrartcl)           for `\paragraph on input line 4527.
Class scrartcl Info: using compatibility default `afterindent=bysign'
(scrartcl)           for `\paragraph on input line 4527.
\scr@dte@subparagraph@maxnumwidth=\skip52
Class scrartcl Info: using compatibility default `runin=bysign'
(scrartcl)           for `\subparagraph on input line 4537.
Class scrartcl Info: using compatibility default `afterindent=bysign'
(scrartcl)           for `\subparagraph on input line 4537.
\abovecaptionskip=\skip53
\belowcaptionskip=\skip54
\c@pti@nb@sid@b@x=\box28
Package tocbasic Info: omitting babel extension for `lof'
(tocbasic)             because of feature `nobabel' available
(tocbasic)             for `lof' on input line 5781.
\scr@dte@figure@maxnumwidth=\skip55
\c@figure=\count87
Package tocbasic Info: omitting babel extension for `lot'
(tocbasic)             because of feature `nobabel' available
(tocbasic)             for `lot' on input line 5793.
\scr@dte@table@maxnumwidth=\skip56
\c@table=\count88
Class scrartcl Info: Redefining `\numberline' on input line 5957.
\bibindent=\dimen102
)
("C:\Users\ann-kristin.juschka\AppData\Local\Programs\MiKTeX 2.9\tex/latex/url\
url.sty"
\Urlmuskip=\muskip10
Package: url 2013/09/16  ver 3.4  Verb mode for urls, etc.
)
("C:\Users\ann-kristin.juschka\AppData\Local\Programs\MiKTeX 2.9\tex/latex/hype
rref\hyperref.sty"
Package: hyperref 2018/11/30 v6.88e Hypertext links for LaTeX

("C:\Users\ann-kristin.juschka\AppData\Local\Programs\MiKTeX 2.9\tex/generic/ob
erdiek\hobsub-hyperref.sty"
Package: hobsub-hyperref 2016/05/16 v1.14 Bundle oberdiek, subset hyperref (HO)


("C:\Users\ann-kristin.juschka\AppData\Local\Programs\MiKTeX 2.9\tex/generic/ob
erdiek\hobsub-generic.sty"
Package: hobsub-generic 2016/05/16 v1.14 Bundle oberdiek, subset generic (HO)
Package: hobsub 2016/05/16 v1.14 Construct package bundles (HO)
Package: infwarerr 2016/05/16 v1.4 Providing info/warning/error messages (HO)
Package: ltxcmds 2016/05/16 v1.23 LaTeX kernel commands for general use (HO)
Package: ifluatex 2016/05/16 v1.4 Provides the ifluatex switch (HO)
Package ifluatex Info: LuaTeX not detected.
Package: ifvtex 2016/05/16 v1.6 Detect VTeX and its facilities (HO)
Package ifvtex Info: VTeX not detected.
Package: intcalc 2016/05/16 v1.2 Expandable calculations with integers (HO)
Package: ifpdf 2018/09/07 v3.3 Provides the ifpdf switch
Package: etexcmds 2016/05/16 v1.6 Avoid name clashes with e-TeX commands (HO)
Package: kvsetkeys 2016/05/16 v1.17 Key value parser (HO)
Package: kvdefinekeys 2016/05/16 v1.4 Define keys (HO)
Package: pdftexcmds 2018/09/10 v0.29 Utility functions of pdfTeX for LuaTeX (HO
)
Package pdftexcmds Info: LuaTeX not detected.
Package pdftexcmds Info: \pdf@primitive is available.
Package pdftexcmds Info: \pdf@ifprimitive is available.
Package pdftexcmds Info: \pdfdraftmode found.
Package: pdfescape 2016/05/16 v1.14 Implements pdfTeX's escape features (HO)
Package: bigintcalc 2016/05/16 v1.4 Expandable calculations on big integers (HO
)
Package: bitset 2016/05/16 v1.2 Handle bit-vector datatype (HO)
Package: uniquecounter 2016/05/16 v1.3 Provide unlimited unique counter (HO)
)
Package hobsub Info: Skipping package `hobsub' (already loaded).
Package: letltxmacro 2016/05/16 v1.5 Let assignment for LaTeX macros (HO)
Package: hopatch 2016/05/16 v1.3 Wrapper for package hooks (HO)
Package: xcolor-patch 2016/05/16 xcolor patch
Package: atveryend 2016/05/16 v1.9 Hooks at the very end of document (HO)
Package atveryend Info: \enddocument detected (standard20110627).
Package: atbegshi 2016/06/09 v1.18 At begin shipout hook (HO)
Package: refcount 2016/05/16 v3.5 Data extraction from label references (HO)
Package: hycolor 2016/05/16 v1.8 Color options for hyperref/bookmark (HO)
)
("C:\Users\ann-kristin.juschka\AppData\Local\Programs\MiKTeX 2.9\tex/generic/if
xetex\ifxetex.sty"
Package: ifxetex 2010/09/12 v0.6 Provides ifxetex conditional
)
("C:\Users\ann-kristin.juschka\AppData\Local\Programs\MiKTeX 2.9\tex/latex/ober
diek\auxhook.sty"
Package: auxhook 2016/05/16 v1.4 Hooks for auxiliary files (HO)
)
("C:\Users\ann-kristin.juschka\AppData\Local\Programs\MiKTeX 2.9\tex/latex/ober
diek\kvoptions.sty"
Package: kvoptions 2016/05/16 v3.12 Key value format for package options (HO)
)
\@linkdim=\dimen103
\Hy@linkcounter=\count89
\Hy@pagecounter=\count90

("C:\Users\ann-kristin.juschka\AppData\Local\Programs\MiKTeX 2.9\tex/latex/hype
rref\pd1enc.def"
File: pd1enc.def 2018/11/30 v6.88e Hyperref: PDFDocEncoding definition (HO)
Now handling font encoding PD1 ...
... no UTF-8 mapping file for font encoding PD1
)
\Hy@SavedSpaceFactor=\count91

("C:\Users\ann-kristin.juschka\AppData\Local\Programs\MiKTeX 2.9\tex/latex/00mi
ktex\hyperref.cfg"
File: hyperref.cfg 2002/06/06 v1.2 hyperref configuration of TeXLive
)
Package hyperref Info: Hyper figures OFF on input line 4519.
Package hyperref Info: Link nesting OFF on input line 4524.
Package hyperref Info: Hyper index ON on input line 4527.
Package hyperref Info: Plain pages OFF on input line 4534.
Package hyperref Info: Backreferencing OFF on input line 4539.
Package hyperref Info: Implicit mode ON; LaTeX internals redefined.
Package hyperref Info: Bookmarks ON on input line 4772.
\c@Hy@tempcnt=\count92
LaTeX Info: Redefining \url on input line 5125.
\XeTeXLinkMargin=\dimen104
\Fld@menulength=\count93
\Field@Width=\dimen105
\Fld@charsize=\dimen106
Package hyperref Info: Hyper figures OFF on input line 6380.
Package hyperref Info: Link nesting OFF on input line 6385.
Package hyperref Info: Hyper index ON on input line 6388.
Package hyperref Info: backreferencing OFF on input line 6395.
Package hyperref Info: Link coloring OFF on input line 6400.
Package hyperref Info: Link coloring with OCG OFF on input line 6405.
Package hyperref Info: PDF/A mode OFF on input line 6410.
LaTeX Info: Redefining \ref on input line 6450.
LaTeX Info: Redefining \pageref on input line 6454.
\Hy@abspage=\count94
\c@Item=\count95
\c@Hfootnote=\count96
)
Package hyperref Info: Driver (autodetected): hpdftex.

("C:\Users\ann-kristin.juschka\AppData\Local\Programs\MiKTeX 2.9\tex/latex/hype
rref\hpdftex.def"
File: hpdftex.def 2018/11/30 v6.88e Hyperref driver for pdfTeX
\Fld@listcount=\count97
\c@bookmark@seq@number=\count98

("C:\Users\ann-kristin.juschka\AppData\Local\Programs\MiKTeX 2.9\tex/latex/ober
diek\rerunfilecheck.sty"
Package: rerunfilecheck 2016/05/16 v1.8 Rerun checks for auxiliary files (HO)
Package uniquecounter Info: New unique counter `rerunfilecheck' on input line 2
82.
)
\Hy@SectionHShift=\skip57
)
("C:\Users\ann-kristin.juschka\AppData\Local\Programs\MiKTeX 2.9\tex/latex/list
ings\listings.sty"
\lst@mode=\count99
\lst@gtempboxa=\box29
\lst@token=\toks15
\lst@length=\count100
\lst@currlwidth=\dimen107
\lst@column=\count101
\lst@pos=\count102
\lst@lostspace=\dimen108
\lst@width=\dimen109
\lst@newlines=\count103
\lst@lineno=\count104
\lst@maxwidth=\dimen110

("C:\Users\ann-kristin.juschka\AppData\Local\Programs\MiKTeX 2.9\tex/latex/list
ings\lstmisc.sty"
File: lstmisc.sty 2019/02/27 1.8b (Carsten Heinz)
\c@lstnumber=\count105
\lst@skipnumbers=\count106
\lst@framebox=\box30
)
("C:\Users\ann-kristin.juschka\AppData\Local\Programs\MiKTeX 2.9\tex/latex/list
ings\listings.cfg"
File: listings.cfg 2019/02/27 1.8b listings configuration
))
Package: listings 2019/02/27 1.8b (Carsten Heinz)

("C:\Users\ann-kristin.juschka\AppData\Local\Programs\MiKTeX 2.9\tex/latex/grap
hics\color.sty"
Package: color 2016/07/10 v1.1e Standard LaTeX Color (DPC)

("C:\Users\ann-kristin.juschka\AppData\Local\Programs\MiKTeX 2.9\tex/latex/grap
hics-cfg\color.cfg"
File: color.cfg 2016/01/02 v1.6 sample color configuration
)
Package color Info: Driver file: pdftex.def on input line 147.

("C:\Users\ann-kristin.juschka\AppData\Local\Programs\MiKTeX 2.9\tex/latex/grap
hics-def\pdftex.def"
File: pdftex.def 2018/01/08 v1.0l Graphics/color driver for pdftex
))
("C:\Users\ann-kristin.juschka\AppData\Local\Programs\MiKTeX 2.9\tex/latex/floa
t\float.sty"
Package: float 2001/11/08 v1.3d Float enhancements (AL)
\c@float@type=\count107
\float@exts=\toks16
\float@box=\box31
\@float@everytoks=\toks17
\@floatcapt=\box32
)
("C:\Users\ann-kristin.juschka\AppData\Local\Programs\MiKTeX 2.9\tex/latex/capt
ion\caption.sty"
Package: caption 2018/10/06 v3.3-154 Customizing captions (AR)

("C:\Users\ann-kristin.juschka\AppData\Local\Programs\MiKTeX 2.9\tex/latex/capt
ion\caption3.sty"
Package: caption3 2018/09/12 v1.8c caption3 kernel (AR)
Package caption3 Info: TeX engine: e-TeX on input line 64.
\captionmargin=\dimen111
\captionmargin@=\dimen112
\captionwidth=\dimen113
\caption@tempdima=\dimen114
\caption@indent=\dimen115
\caption@parindent=\dimen116
\caption@hangindent=\dimen117
)
Package caption Info: KOMA-Script document class.
\c@caption@flags=\count108
\c@ContinuedFloat=\count109
Package caption Info: float package is loaded.
Package caption Info: hyperref package is loaded.
Package caption Info: listings package is loaded.
)
("C:\Users\ann-kristin.juschka\AppData\Local\Programs\MiKTeX 2.9\tex/latex/grap
hics\graphicx.sty"
Package: graphicx 2017/06/01 v1.1a Enhanced LaTeX Graphics (DPC,SPQR)

("C:\Users\ann-kristin.juschka\AppData\Local\Programs\MiKTeX 2.9\tex/latex/grap
hics\graphics.sty"
Package: graphics 2017/06/25 v1.2c Standard LaTeX Graphics (DPC,SPQR)

("C:\Users\ann-kristin.juschka\AppData\Local\Programs\MiKTeX 2.9\tex/latex/grap
hics\trig.sty"
Package: trig 2016/01/03 v1.10 sin cos tan (DPC)
)
("C:\Users\ann-kristin.juschka\AppData\Local\Programs\MiKTeX 2.9\tex/latex/grap
hics-cfg\graphics.cfg"
File: graphics.cfg 2016/06/04 v1.11 sample graphics configuration
)
Package graphics Info: Driver file: pdftex.def on input line 99.
)
\Gin@req@height=\dimen118
\Gin@req@width=\dimen119
) (castone_project_report.aux)
\openout1 = `castone_project_report.aux'.

LaTeX Font Info:    Checking defaults for OML/cmm/m/it on input line 35.
LaTeX Font Info:    ... okay on input line 35.
LaTeX Font Info:    Checking defaults for T1/cmr/m/n on input line 35.
LaTeX Font Info:    ... okay on input line 35.
LaTeX Font Info:    Checking defaults for OT1/cmr/m/n on input line 35.
LaTeX Font Info:    ... okay on input line 35.
LaTeX Font Info:    Checking defaults for OMS/cmsy/m/n on input line 35.
LaTeX Font Info:    ... okay on input line 35.
LaTeX Font Info:    Checking defaults for OMX/cmex/m/n on input line 35.
LaTeX Font Info:    ... okay on input line 35.
LaTeX Font Info:    Checking defaults for U/cmr/m/n on input line 35.
LaTeX Font Info:    ... okay on input line 35.
LaTeX Font Info:    Checking defaults for PD1/pdf/m/n on input line 35.
LaTeX Font Info:    ... okay on input line 35.
\AtBeginShipoutBox=\box33
Package hyperref Info: Link coloring OFF on input line 35.

("C:\Users\ann-kristin.juschka\AppData\Local\Programs\MiKTeX 2.9\tex/latex/hype
rref\nameref.sty"
Package: nameref 2016/05/21 v2.44 Cross-referencing by name of section

("C:\Users\ann-kristin.juschka\AppData\Local\Programs\MiKTeX 2.9\tex/generic/ob
erdiek\gettitlestring.sty"
Package: gettitlestring 2016/05/16 v1.5 Cleanup title references (HO)
)
\c@section@level=\count110
)
LaTeX Info: Redefining \ref on input line 35.
LaTeX Info: Redefining \pageref on input line 35.
LaTeX Info: Redefining \nameref on input line 35.
 (castone_project_report.out)
(castone_project_report.out)
\@outlinefile=\write3
\openout3 = `castone_project_report.out'.

Class scrartcl Info: loading recommended package `bookmark'.
(scrartcl)           Using `bookmark' together with `hyperref' is recommended,
(scrartcl)           because of handling of possible bookmark level gaps.
(scrartcl)           You can avoid loading `bookmark' with KOMA-Script option
(scrartcl)           `bookmarkpackage=false' before \begin{document} and
(scrartcl)           you can avoid this message with `\usepackage{bookmark}'
(scrartcl)           before \begin{document} on input line 35.

("C:\Users\ann-kristin.juschka\AppData\Local\Programs\MiKTeX 2.9\tex/latex/ober
diek\bookmark.sty"
Package: bookmark 2016/05/17 v1.26 PDF bookmarks (HO)

("C:\Users\ann-kristin.juschka\AppData\Local\Programs\MiKTeX 2.9\tex/latex/ober
diek\bkm-pdftex.def"
File: bkm-pdftex.def 2016/05/17 v1.26 bookmark driver for pdfTeX (HO)
Package auxhook Info: \AddLineBeginMainAux comes a little late,
(auxhook)             because the main .aux file is already opened on input lin
e 164.
\BKM@id=\count111
))
\c@lstlisting=\count112

("C:\Users\ann-kristin.juschka\AppData\Local\Programs\MiKTeX 2.9\tex/context/ba
se/mkii\supp-pdf.mkii"
[Loading MPS to PDF converter (version 2006.09.02).]
\scratchcounter=\count113
\scratchdimen=\dimen120
\scratchbox=\box34
\nofMPsegments=\count114
\nofMParguments=\count115
\everyMPshowfont=\toks18
\MPscratchCnt=\count116
\MPscratchDim=\dimen121
\MPnumerator=\count117
\makeMPintoPDFobject=\count118
\everyMPtoPDFconversion=\toks19
)
("C:\Users\ann-kristin.juschka\AppData\Local\Programs\MiKTeX 2.9\tex/latex/ober
diek\epstopdf-base.sty"
Package: epstopdf-base 2016/05/15 v2.6 Base part for package epstopdf

("C:\Users\ann-kristin.juschka\AppData\Local\Programs\MiKTeX 2.9\tex/latex/ober
diek\grfext.sty"
Package: grfext 2016/05/16 v1.2 Manage graphics extensions (HO)
)
Package epstopdf-base Info: Redefining graphics rule for `.eps' on input line 4
38.
Package grfext Info: Graphics extension search list:
(grfext)             [.pdf,.png,.jpg,.mps,.jpeg,.jbig2,.jb2,.PDF,.PNG,.JPG,.JPE
G,.JBIG2,.JB2,.eps]
(grfext)             \AppendGraphicsExtensions on input line 456.
)
Package caption Info: Begin \AtBeginDocument code.
Package caption Info: End \AtBeginDocument code.
LaTeX Font Info:    External font `cmex10' loaded for size
(Font)              <14.4> on input line 41.
LaTeX Font Info:    External font `cmex10' loaded for size
(Font)              <7> on input line 41.
LaTeX Font Info:    External font `cmex10' loaded for size
(Font)              <10.95> on input line 58.
LaTeX Font Info:    External font `cmex10' loaded for size
(Font)              <8> on input line 58.
LaTeX Font Info:    External font `cmex10' loaded for size
(Font)              <6> on input line 58.
 [1


{C:/Users/ann-kristin.juschka/AppData/Local/MiKTeX/2.9/pdftex/config/pdftex.map
}]
<samples.jpg, id=36, 227.4728pt x 85.30229pt>
File: samples.jpg Graphic file (type jpg)
<use samples.jpg>
Package pdftex.def Info: samples.jpg  used on input line 120.
(pdftex.def)             Requested size: 418.25555pt x 156.84744pt.
 [2]

Package caption Warning: \captionsetup{type*=...} or \captionof
(caption)                outside box or environment on input line 123.
See the caption package documentation for explanation.


Package caption Warning: The option `hypcap=true' will be ignored for this
(caption)                particular \caption on input line 123.
See the caption package documentation for explanation.


("C:\Users\ann-kristin.juschka\AppData\Local\Programs\MiKTeX 2.9\tex/latex/list
ings\lstlang1.sty"
File: lstlang1.sty 2019/02/27 1.8b listings language file
)
("C:\Users\ann-kristin.juschka\AppData\Local\Programs\MiKTeX 2.9\tex/latex/list
ings\lstmisc.sty"
File: lstmisc.sty 2019/02/27 1.8b (Carsten Heinz)
)
LaTeX Font Info:    Try loading font information for OML+cmr on input line 141.


("C:\Users\ann-kristin.juschka\AppData\Local\Programs\MiKTeX 2.9\tex/latex/base
\omlcmr.fd"
File: omlcmr.fd 2014/09/29 v2.5h Standard LaTeX font definitions
)
LaTeX Font Info:    Font shape `OML/cmr/m/n' in size <6> not available
(Font)              Font shape `OML/cmm/m/it' tried instead on input line 141.
LaTeX Font Info:    Try loading font information for OMS+cmr on input line 144.


("C:\Users\ann-kristin.juschka\AppData\Local\Programs\MiKTeX 2.9\tex/latex/base
\omscmr.fd"
File: omscmr.fd 2014/09/29 v2.5h Standard LaTeX font definitions
)
LaTeX Font Info:    Font shape `OMS/cmr/m/n' in size <6> not available
(Font)              Font shape `OMS/cmsy/m/n' tried instead on input line 144.
LaTeX Font Info:    External font `cmex10' loaded for size
(Font)              <5> on input line 167.
 [3 <./samples.jpg>]
Underfull \hbox (badness 2269) in paragraph at lines 277--278
\OT1/cmtt/m/n/10.95 JPEGImages$ \OT1/cmr/m/n/10.95 di-rec-toy in our script mov
e[]JPEG[]images.sh from the Logo Cap-
 []


Underfull \hbox (badness 3000) in paragraph at lines 277--278
\OT1/cmr/m/n/10.95 stone Project, we ex-e-cute this script that moves the JPEG 
files from the
 []


Underfull \hbox (badness 1231) in paragraph at lines 277--278
\OT1/cmtt/m/n/10.95 openlogo / JPEGImages$ \OT1/cmr/m/n/10.95 di-rec-tory in th
e cor-re-spond-ing brand sub-di-rec-tory in the
 []

[4]
Underfull \hbox (badness 10000) in paragraph at lines 279--281
[]\OT1/cmr/m/n/10.95 Next we ex-e-cute the Python script cre-ate[]clean[]datase
t.py from the
 []


("C:\Users\ann-kristin.juschka\AppData\Local\Programs\MiKTeX 2.9\tex/latex/list
ings\lstlang1.sty"
File: lstlang1.sty 2019/02/27 1.8b listings language file
)
("C:\Users\ann-kristin.juschka\AppData\Local\Programs\MiKTeX 2.9\tex/latex/list
ings\lstlang1.sty"
File: lstlang1.sty 2019/02/27 1.8b listings language file
)
Underfull \hbox (badness 6236) in paragraph at lines 306--307
[]\OT1/cmr/m/n/10.95 Among other pa-ram-e-ters for our Faster R-CNN, we choose 
in our con-
 []


Underfull \hbox (badness 3049) in paragraph at lines 306--307
\OT1/cmr/m/n/10.95 fig-u-ra-tion file $\OT1/cmtt/m/n/10.95 faster _ rcnn _ ince
ption _ logos . config$ \OT1/cmr/m/n/10.95 by the Cap-stone Project
 []


Overfull \hbox (530.27792pt too wide) in paragraph at lines 379--379
[]\OT1/cmtt/m/n/10.95 PIPELINE_CONFIG_PATH=/mnt/c/environment/Machine_Learning/
Machine_Learning_Engineer/capstone_project/LogosInTheWild-v2/models/model/faste
r_rcnn_inception_logos.config[] 
 []


Overfull \hbox (271.58698pt too wide) in paragraph at lines 379--379
[]\OT1/cmtt/m/n/10.95 MODEL_DIR=/mnt/c/environment/Machine_Learning/Machine_Lea
rning_Engineer/capstone_project/LogosInTheWild-v2/models/model/[] 
 []


Overfull \hbox (300.33041pt too wide) in paragraph at lines 379--379
[]\OT1/cmtt/m/n/10.95 TRAIN_DIR=/mnt/c/environment/Machine_Learning/Machine_Lea
rning_Engineer/capstone_project/LogosInTheWild-v2/models/model/train[] 
 []


Overfull \hbox (288.83304pt too wide) in paragraph at lines 379--379
[]\OT1/cmtt/m/n/10.95 EVAL_DIR=/mnt/c/environment/Machine_Learning/Machine_Lear
ning_Engineer/capstone_project/LogosInTheWild-v2/models/model/eval[] 
 []


Overfull \hbox (863.70181pt too wide) in paragraph at lines 379--379
[]\OT1/cmtt/m/n/10.95 python object_detection/model_main.py --pipeline_config_p
ath=${PIPELINE_CONFIG_PATH} --model_dir=${MODEL_DIR} --num_train_steps=${NUM_TR
AIN_STEPS} --sample_1_of_n_eval_examples=$SAMPLE_1_OF_N_EVAL_EXAMPLES --alsolog
tostderr[] 
 []


Overfull \hbox (702.73856pt too wide) in paragraph at lines 379--379
[]\OT1/cmtt/m/n/10.95 PIPELINE_CONFIG_PATH=/data/Machine_Learning/Machine_Learn
ing_Engineer/capstone_project/logo-bucket-europe-west1/LogosInTheWild-v2/models
/model/faster_rcnn_inception_logos-locally-on-ubuntu.config[] 
 []


Overfull \hbox (340.57123pt too wide) in paragraph at lines 379--379
[]\OT1/cmtt/m/n/10.95 MODEL_DIR=/data/Machine_Learning/Machine_Learning_Enginee
r/capstone_project/logo-bucket-europe-west1/LogosInTheWild-v2/models/model/[] 
 []


Overfull \hbox (369.31467pt too wide) in paragraph at lines 379--379
[]\OT1/cmtt/m/n/10.95 TRAIN_DIR=/data/Machine_Learning/Machine_Learning_Enginee
r/capstone_project/logo-bucket-europe-west1/LogosInTheWild-v2/models/model/trai
n[] 
 []

[5]
Overfull \hbox (357.81729pt too wide) in paragraph at lines 379--379
[]\OT1/cmtt/m/n/10.95 EVAL_DIR=/data/Machine_Learning/Machine_Learning_Engineer
/capstone_project/logo-bucket-europe-west1/LogosInTheWild-v2/models/model/eval[
] 
 []


Overfull \hbox (863.70181pt too wide) in paragraph at lines 379--379
[]\OT1/cmtt/m/n/10.95 python object_detection/model_main.py --pipeline_config_p
ath=${PIPELINE_CONFIG_PATH} --model_dir=${MODEL_DIR} --num_train_steps=${NUM_TR
AIN_STEPS} --sample_1_of_n_eval_examples=$SAMPLE_1_OF_N_EVAL_EXAMPLES --alsolog
tostderr[] 
 []


Overfull \hbox (409.55548pt too wide) in paragraph at lines 379--379
[]\OT1/cmtt/m/n/10.95 python object_detection/legacy/train.py --logtostderr --t
rain_dir=${TRAIN_DIR} --pipeline_config_path=${PIPELINE_CONFIG_PATH}  --alsolog
tostderr[] 
 []


Overfull \hbox (484.28842pt too wide) in paragraph at lines 379--379
[] \OT1/cmtt/m/n/10.95 python object_detection/legacy/eval.py  --logtostderr   
--pipeline_config_path=${PIPELINE_CONFIG_PATH} --checkpoint_dir=${MODEL_DIR}  -
-eval_dir=${EVAL_DIR}[] 
 []


Overfull \hbox (375.06335pt too wide) in paragraph at lines 379--379
[]\OT1/cmtt/m/n/10.95 PATH_TO_LOCAL_YAML_FILE=/mnt/c/environment/Machine_Learni
ng/Machine_Learning_Engineer/capstone_project/LogosInTheWild-v2/standard_gpu.ya
ml[] 
 []


Overfull \hbox (7.14734pt too wide) in paragraph at lines 379--379
[]\OT1/cmtt/m/n/10.95 GS_TRAIN_DIR=logo-bucket-europe-west1/LogosInTheWild-v2/m
odels/model/train[] 
 []


Overfull \hbox (311.82779pt too wide) in paragraph at lines 379--379
[]\OT1/cmtt/m/n/10.95 GS_PIPELINE_CONFIG_PATH=logo-bucket-europe-west1/LogosInT
heWild-v2/models/model/faster_rcnn_inception_logos-europe-west1.config[] 
 []


Overfull \hbox (2082.42361pt too wide) in paragraph at lines 379--379
[]\OT1/cmtt/m/n/10.95 gcloud ml-engine jobs submit training object_detection_`d
ate +%m_%d_%Y_%H_%M_%S` --runtime-version 1.13 --job-dir=gs://${GS_MODEL_DIR} -
-packages dist/object_detection-0.1.tar.gz,slim/dist/slim-0.1.tar.gz,/tmp/pycoc
otools/pycocotools-2.0.tar.gz --module-name object_detection.model_main --regio
n europe-west1 --config ${PATH_TO_LOCAL_YAML_FILE} -- --model_dir=gs://${GS_MOD
EL_DIR} --pipeline_config_path=gs://${GS_PIPELINE_CONFIG_PATH}[] 
 []


Overfull \hbox (2093.92099pt too wide) in paragraph at lines 379--379
[]\OT1/cmtt/m/n/10.95 gcloud ml-engine jobs submit training object_detection_`d
ate +%m_%d_%Y_%H_%M_%S` --runtime-version 1.13 --job-dir=gs://${GS_TRAIN_DIR} -
-packages dist/object_detection-0.1.tar.gz,slim/dist/slim-0.1.tar.gz,/tmp/pycoc
otools/pycocotools-2.0.tar.gz --module-name object_detection.legacy.train --reg
ion europe-west1 --config ${PATH_TO_LOCAL_YAML_FILE} -- --train_dir=gs://${GS_T
RAIN_DIR} --pipeline_config_path=gs://${GS_PIPELINE_CONFIG_PATH}[] 
 []


Overfull \hbox (2266.38162pt too wide) in paragraph at lines 379--379
[]\OT1/cmtt/m/n/10.95 gcloud ml-engine jobs submit training object_detection_`d
ate +%m_%d_%Y_%H_%M_%S` --runtime-version 1.13 --job-dir=gs://${GS_EVAL_DIR} --
packages dist/object_detection-0.1.tar.gz,slim/dist/slim-0.1.tar.gz,/tmp/pycoco
tools/pycocotools-2.0.tar.gz --module-name object_detection.legacy.train --regi
on europe-west1 --config ${PATH_TO_LOCAL_YAML_FILE} -- --eval_dir=gs://${GS_EVA
L_DIR} --train_dir=gs://${GS_TRAIN_DIR} --pipeline_config_path=gs://${GS_PIPELI
NE_CONFIG_PATH}[] 
 []


Overfull \hbox (7.14734pt too wide) in paragraph at lines 379--379
[]  \OT1/cmtt/m/n/10.95 $ gcloud ml-engine jobs stream-logs object_detection_04
_29_2019_20_38_31[] 
 []


Overfull \hbox (156.61322pt too wide) in paragraph at lines 379--379
[]\OT1/cmtt/m/n/10.95 Expected number of evaluation epochs is 1, but instead en
countered `eval_on_train_input_config.num_e[] 
 []

[6] [7] [8] (castone_project_report.bbl [9])
Package atveryend Info: Empty hook `BeforeClearDocument' on input line 457.
 [10]
Package atveryend Info: Empty hook `AfterLastShipout' on input line 457.
 (castone_project_report.aux)
Package atveryend Info: Executing hook `AtVeryEndDocument' on input line 457.
Package atveryend Info: Executing hook `AtEndAfterFileList' on input line 457.
Package rerunfilecheck Info: File `castone_project_report.out' has not changed.

(rerunfilecheck)             Checksum: D41D8CD98F00B204E9800998ECF8427E;0.
Package atveryend Info: Empty hook `AtVeryVeryEnd' on input line 457.
 ) 
Here is how much of TeX's memory you used:
 10407 strings out of 492946
 172029 string characters out of 3120050
 736739 words of memory out of 3000000
 14103 multiletter control sequences out of 15000+200000
 9035 words of font info for 32 fonts, out of 3000000 for 9000
 1141 hyphenation exceptions out of 8191
 41i,8n,51p,9128b,1441s stack positions out of 5000i,500n,10000p,200000b,50000s
<C:/Users/ann-kristin.juschka/AppData/Local/Programs/MiKTeX 2.9/fonts/type1/p
ublic/amsfonts/cm/cmbx12.pfb><C:/Users/ann-kristin.juschka/AppData/Local/Progra
ms/MiKTeX 2.9/fonts/type1/public/amsfonts/cm/cmex10.pfb><C:/Users/ann-kristin.j
uschka/AppData/Local/Programs/MiKTeX 2.9/fonts/type1/public/amsfonts/cm/cmmi10.
pfb><C:/Users/ann-kristin.juschka/AppData/Local/Programs/MiKTeX 2.9/fonts/type1
/public/amsfonts/cm/cmmi6.pfb><C:/Users/ann-kristin.juschka/AppData/Local/Progr
ams/MiKTeX 2.9/fonts/type1/public/amsfonts/cm/cmmi8.pfb><C:/Users/ann-kristin.j
uschka/AppData/Local/Programs/MiKTeX 2.9/fonts/type1/public/amsfonts/cm/cmr10.p
fb><C:/Users/ann-kristin.juschka/AppData/Local/Programs/MiKTeX 2.9/fonts/type1/
public/amsfonts/cm/cmr12.pfb><C:/Users/ann-kristin.juschka/AppData/Local/Progra
ms/MiKTeX 2.9/fonts/type1/public/amsfonts/cm/cmr6.pfb><C:/Users/ann-kristin.jus
chka/AppData/Local/Programs/MiKTeX 2.9/fonts/type1/public/amsfonts/cm/cmr8.pfb>
<C:/Users/ann-kristin.juschka/AppData/Local/Programs/MiKTeX 2.9/fonts/type1/pub
lic/amsfonts/cm/cmsy10.pfb><C:/Users/ann-kristin.juschka/AppData/Local/Programs
/MiKTeX 2.9/fonts/type1/public/amsfonts/cm/cmsy6.pfb><C:/Users/ann-kristin.jusc
hka/AppData/Local/Programs/MiKTeX 2.9/fonts/type1/public/amsfonts/cm/cmsy8.pfb>
<C:/Users/ann-kristin.juschka/AppData/Local/Programs/MiKTeX 2.9/fonts/type1/pub
lic/amsfonts/cm/cmti10.pfb><C:/Users/ann-kristin.juschka/AppData/Local/Programs
/MiKTeX 2.9/fonts/type1/public/amsfonts/cm/cmtt10.pfb>
Output written on castone_project_report.pdf (10 pages, 370374 bytes).
PDF statistics:
 282 PDF objects out of 1000 (max. 8388607)
 123 named destinations out of 1000 (max. 500000)
 46 words of extra memory for PDF output out of 10000 (max. 10000000)

